Connecting to database specified by database.yml
DEPRECATION WARNING: Calling set_primary_key is deprecated. Please use `self.primary_key = 'the_name'` instead. (called from <class:Result> at /home/siltek/Desktop/quiz-master/app/models/result.rb:7)
Connecting to database specified by database.yml
DEPRECATION WARNING: Calling set_primary_key is deprecated. Please use `self.primary_key = 'the_name'` instead. (called from <class:Result> at /home/siltek/Desktop/quiz-master/app/models/result.rb:7)
  [1m[36m (254.7ms)[0m  [1mCREATE TABLE `schema_migrations` (`version` varchar(255) NOT NULL) ENGINE=InnoDB[0m
  [1m[35m (475.0ms)[0m  CREATE UNIQUE INDEX `unique_schema_migrations` ON `schema_migrations` (`version`)
  [1m[36m (24.8ms)[0m  [1mSELECT `schema_migrations`.`version` FROM `schema_migrations` [0m
Migrating to CreateQuestions (20110429223938)
  [1m[35m (85.2ms)[0m  CREATE TABLE `questions` (`id` int(11) DEFAULT NULL auto_increment PRIMARY KEY, `text` varchar(255), `created_at` datetime NOT NULL, `updated_at` datetime NOT NULL) ENGINE=InnoDB
  [1m[36m (37.6ms)[0m  [1mINSERT INTO `schema_migrations` (`version`) VALUES ('20110429223938')[0m
Migrating to CreateChoices (20110429224453)
  [1m[35m (93.6ms)[0m  CREATE TABLE `choices` (`id` int(11) DEFAULT NULL auto_increment PRIMARY KEY, `text` varchar(255), `correct` tinyint(1), `question_id` int(11), `created_at` datetime NOT NULL, `updated_at` datetime NOT NULL) ENGINE=InnoDB
  [1m[36m (11.2ms)[0m  [1mINSERT INTO `schema_migrations` (`version`) VALUES ('20110429224453')[0m
Migrating to CreateUserAnswers (20120926074820)
  [1m[35m (69.9ms)[0m  CREATE TABLE `user_answers` (`id` int(11) DEFAULT NULL auto_increment PRIMARY KEY, `question_id` int(11), `choice_id` int(11)) ENGINE=InnoDB
  [1m[36m (11.2ms)[0m  [1mINSERT INTO `schema_migrations` (`version`) VALUES ('20120926074820')[0m
Migrating to DeviseCreateUsers (20120926095913)
  [1m[35m (71.5ms)[0m  CREATE TABLE `users` (`id` int(11) DEFAULT NULL auto_increment PRIMARY KEY, `email` varchar(255) DEFAULT '' NOT NULL, `encrypted_password` varchar(255) DEFAULT '' NOT NULL, `reset_password_token` varchar(255), `reset_password_sent_at` datetime, `remember_created_at` datetime, `sign_in_count` int(11) DEFAULT 0, `current_sign_in_at` datetime, `last_sign_in_at` datetime, `current_sign_in_ip` varchar(255), `last_sign_in_ip` varchar(255), `first_name` varchar(255) NOT NULL, `last_name` varchar(255) NOT NULL, `school_name` varchar(255) NOT NULL, `mobile_no` varchar(255), `created_at` datetime NOT NULL, `updated_at` datetime NOT NULL) ENGINE=InnoDB
  [1m[36m (224.0ms)[0m  [1mCREATE UNIQUE INDEX `index_users_on_email` ON `users` (`email`)[0m
  [1m[35m (190.4ms)[0m  CREATE UNIQUE INDEX `index_users_on_reset_password_token` ON `users` (`reset_password_token`)
  [1m[36m (21.7ms)[0m  [1mINSERT INTO `schema_migrations` (`version`) VALUES ('20120926095913')[0m
Migrating to CreateExams (20120926110733)
  [1m[35m (102.2ms)[0m  CREATE TABLE `exams` (`email` varchar(255), `score` int(11)) ENGINE=InnoDB
  [1m[36m (11.3ms)[0m  [1mINSERT INTO `schema_migrations` (`version`) VALUES ('20120926110733')[0m
Migrating to AddSessionsTable (20120926135344)
  [1m[35m (82.0ms)[0m  CREATE TABLE `sessions` (`id` int(11) DEFAULT NULL auto_increment PRIMARY KEY, `session_id` varchar(255) NOT NULL, `data` text, `created_at` datetime NOT NULL, `updated_at` datetime NOT NULL) ENGINE=InnoDB
  [1m[36m (172.0ms)[0m  [1mCREATE INDEX `index_sessions_on_session_id` ON `sessions` (`session_id`)[0m
  [1m[35m (182.1ms)[0m  CREATE INDEX `index_sessions_on_updated_at` ON `sessions` (`updated_at`)
  [1m[36m (23.6ms)[0m  [1mINSERT INTO `schema_migrations` (`version`) VALUES ('20120926135344')[0m
Migrating to AddExamIdToUserAnswers (20120926135505)
  [1m[35m (96.5ms)[0m  ALTER TABLE `user_answers` ADD `exam_id` int(11)
  [1m[36m (11.2ms)[0m  [1mINSERT INTO `schema_migrations` (`version`) VALUES ('20120926135505')[0m
Migrating to AddQuestionIdToExams (20120926135520)
  [1m[35m (108.2ms)[0m  ALTER TABLE `exams` ADD `question_id` int(11)
  [1m[36m (11.3ms)[0m  [1mINSERT INTO `schema_migrations` (`version`) VALUES ('20120926135520')[0m
Migrating to AddUserIdToExams (20120926135530)
  [1m[35m (141.5ms)[0m  ALTER TABLE `exams` ADD `user_id` int(11)
  [1m[36m (11.2ms)[0m  [1mINSERT INTO `schema_migrations` (`version`) VALUES ('20120926135530')[0m
Migrating to CreateAdminNotes (20120927020100)
  [1m[35m (68.0ms)[0m  CREATE TABLE `admin_notes` (`id` int(11) DEFAULT NULL auto_increment PRIMARY KEY, `resource_id` varchar(255) NOT NULL, `resource_type` varchar(255) NOT NULL, `admin_user_id` int(11), `admin_user_type` varchar(255), `body` text, `created_at` datetime NOT NULL, `updated_at` datetime NOT NULL) ENGINE=InnoDB
  [1m[36m (221.5ms)[0m  [1mCREATE INDEX `index_admin_notes_on_resource_type_and_resource_id` ON `admin_notes` (`resource_type`, `resource_id`)[0m
  [1m[35m (179.9ms)[0m  CREATE INDEX `index_admin_notes_on_admin_user_type_and_admin_user_id` ON `admin_notes` (`admin_user_type`, `admin_user_id`)
  [1m[36m (22.5ms)[0m  [1mINSERT INTO `schema_migrations` (`version`) VALUES ('20120927020100')[0m
Migrating to MoveAdminNotesToComments (20120927020101)
  [1m[35m (68.6ms)[0m  DROP INDEX `index_admin_notes_on_admin_user_type_and_admin_user_id` ON `admin_notes`
  [1m[36m (11.1ms)[0m  [1mRENAME TABLE `admin_notes` TO `active_admin_comments`[0m
  [1m[35m (0.5ms)[0m  SHOW COLUMNS FROM `active_admin_comments` LIKE 'admin_user_type'
  [1m[36m (104.5ms)[0m  [1mALTER TABLE `active_admin_comments` CHANGE `admin_user_type` `author_type` varchar(255) DEFAULT NULL[0m
  [1m[35m (0.4ms)[0m  SHOW COLUMNS FROM `active_admin_comments` LIKE 'admin_user_id'
  [1m[36m (105.4ms)[0m  [1mALTER TABLE `active_admin_comments` CHANGE `admin_user_id` `author_id` int(11) DEFAULT NULL[0m
  [1m[35m (100.8ms)[0m  ALTER TABLE `active_admin_comments` ADD `namespace` varchar(255)
  [1m[36m (180.9ms)[0m  [1mCREATE INDEX `index_active_admin_comments_on_namespace` ON `active_admin_comments` (`namespace`)[0m
  [1m[35m (239.1ms)[0m  CREATE INDEX `index_active_admin_comments_on_author_type_and_author_id` ON `active_admin_comments` (`author_type`, `author_id`)
  [1m[36m (0.2ms)[0m  [1mUPDATE active_admin_comments SET namespace='admin'[0m
  [1m[35m (10.6ms)[0m  INSERT INTO `schema_migrations` (`version`) VALUES ('20120927020101')
Migrating to DeviseCreateAdminUsers (20120927060053)
  [1m[36m (67.4ms)[0m  [1mCREATE TABLE `admin_users` (`id` int(11) DEFAULT NULL auto_increment PRIMARY KEY, `email` varchar(255) DEFAULT '' NOT NULL, `encrypted_password` varchar(255) DEFAULT '' NOT NULL, `reset_password_token` varchar(255), `reset_password_sent_at` datetime, `remember_created_at` datetime, `sign_in_count` int(11) DEFAULT 0, `current_sign_in_at` datetime, `last_sign_in_at` datetime, `current_sign_in_ip` varchar(255), `last_sign_in_ip` varchar(255), `created_at` datetime NOT NULL, `updated_at` datetime NOT NULL) ENGINE=InnoDB[0m
  [1m[35m (0.1ms)[0m  BEGIN
  [1m[36mAdminUser Exists (6.4ms)[0m  [1mSELECT 1 AS one FROM `admin_users` WHERE `admin_users`.`email` = BINARY 'admin@example.com' LIMIT 1[0m
  [1m[35mSQL (0.3ms)[0m  INSERT INTO `admin_users` (`created_at`, `current_sign_in_at`, `current_sign_in_ip`, `email`, `encrypted_password`, `last_sign_in_at`, `last_sign_in_ip`, `remember_created_at`, `reset_password_sent_at`, `reset_password_token`, `sign_in_count`, `updated_at`) VALUES ('2013-10-24 04:50:32', NULL, NULL, 'admin@example.com', '$2a$10$JRi4a5lo1jW2clKKoHtNpOJOgjjkKv/o0.4wE6h3eA/QkhXOJK5WW', NULL, NULL, NULL, NULL, NULL, 0, '2013-10-24 04:50:32')
  [1m[36m (94.3ms)[0m  [1mCOMMIT[0m
  [1m[35m (177.9ms)[0m  CREATE UNIQUE INDEX `index_admin_users_on_email` ON `admin_users` (`email`)
  [1m[36m (198.7ms)[0m  [1mCREATE UNIQUE INDEX `index_admin_users_on_reset_password_token` ON `admin_users` (`reset_password_token`)[0m
  [1m[35m (24.9ms)[0m  INSERT INTO `schema_migrations` (`version`) VALUES ('20120927060053')
Migrating to AddTimeToQuestions (20121003123255)
  [1m[36m (106.8ms)[0m  [1mALTER TABLE `users` ADD `time` int(11)[0m
  [1m[35m (14.3ms)[0m  INSERT INTO `schema_migrations` (`version`) VALUES ('20121003123255')
Migrating to CreateResults (20121004144239)
  [1m[36m (81.3ms)[0m  [1mCREATE TABLE `results` (`email` varchar(255), `score` int(11)) ENGINE=InnoDB[0m
  [1m[35m (12.4ms)[0m  INSERT INTO `schema_migrations` (`version`) VALUES ('20121004144239')
Migrating to AddUserIdToResults (20121004145202)
  [1m[36m (106.6ms)[0m  [1mALTER TABLE `results` ADD `user_id` int(11)[0m
  [1m[35m (12.5ms)[0m  INSERT INTO `schema_migrations` (`version`) VALUES ('20121004145202')
Migrating to AddQuestionIdToResults (20121004145229)
  [1m[36m (106.3ms)[0m  [1mALTER TABLE `results` ADD `question_id` int(11)[0m
  [1m[35m (12.5ms)[0m  INSERT INTO `schema_migrations` (`version`) VALUES ('20121004145229')
Migrating to AddResultIdToUserAnswers (20121004151101)
  [1m[36m (106.8ms)[0m  [1mALTER TABLE `user_answers` ADD `result_id` int(11)[0m
  [1m[35m (12.5ms)[0m  INSERT INTO `schema_migrations` (`version`) VALUES ('20121004151101')
  [1m[36m (0.2ms)[0m  [1mSELECT `schema_migrations`.`version` FROM `schema_migrations` [0m
Connecting to database specified by database.yml
DEPRECATION WARNING: Calling set_primary_key is deprecated. Please use `self.primary_key = 'the_name'` instead. (called from <class:Result> at /home/siltek/Desktop/quiz-master/app/models/result.rb:7)


Started GET "/" for 127.0.0.1 at 2013-10-24 10:21:43 +0530
Processing by QuizController#index as HTML
Completed 401 Unauthorized in 5ms


Started GET "/users/sign_in" for 127.0.0.1 at 2013-10-24 10:21:44 +0530
Processing by Devise::SessionsController#new as HTML
  Rendered devise/shared/_links.erb (1.3ms)
  Rendered devise/sessions/new.html.erb within layouts/application (34.0ms)
Compiled style.css  (0ms)  (pid 12760)
Completed 200 OK in 164ms (Views: 134.8ms | ActiveRecord: 1.5ms)


Started GET "/assets/all.css" for 127.0.0.1 at 2013-10-24 10:21:44 +0530
Served asset /all.css - 404 Not Found (2ms)

ActionController::RoutingError (No route matches [GET] "/assets/all.css"):
  actionpack (3.2.8) lib/action_dispatch/middleware/debug_exceptions.rb:21:in `call'
  actionpack (3.2.8) lib/action_dispatch/middleware/show_exceptions.rb:56:in `call'
  railties (3.2.8) lib/rails/rack/logger.rb:26:in `call_app'
  railties (3.2.8) lib/rails/rack/logger.rb:16:in `call'
  actionpack (3.2.8) lib/action_dispatch/middleware/request_id.rb:22:in `call'
  rack (1.4.5) lib/rack/methodoverride.rb:21:in `call'
  rack (1.4.5) lib/rack/runtime.rb:17:in `call'
  activesupport (3.2.8) lib/active_support/cache/strategy/local_cache.rb:72:in `call'
  rack (1.4.5) lib/rack/lock.rb:15:in `call'
  actionpack (3.2.8) lib/action_dispatch/middleware/static.rb:62:in `call'
  railties (3.2.8) lib/rails/engine.rb:479:in `call'
  railties (3.2.8) lib/rails/application.rb:223:in `call'
  rack (1.4.5) lib/rack/content_length.rb:14:in `call'
  railties (3.2.8) lib/rails/rack/log_tailer.rb:17:in `call'
  rack (1.4.5) lib/rack/handler/webrick.rb:59:in `service'
  /home/siltek/.rvm/rubies/ruby-1.9.3-p194/lib/ruby/1.9.1/webrick/httpserver.rb:138:in `service'
  /home/siltek/.rvm/rubies/ruby-1.9.3-p194/lib/ruby/1.9.1/webrick/httpserver.rb:94:in `run'
  /home/siltek/.rvm/rubies/ruby-1.9.3-p194/lib/ruby/1.9.1/webrick/server.rb:191:in `block in start_thread'


  Rendered /home/siltek/.rvm/gems/ruby-1.9.3-p194/gems/actionpack-3.2.8/lib/action_dispatch/middleware/templates/rescues/routing_error.erb within rescues/layout (0.5ms)


Started GET "/assets/defaults.js" for 127.0.0.1 at 2013-10-24 10:21:44 +0530
Served asset /defaults.js - 404 Not Found (2ms)

ActionController::RoutingError (No route matches [GET] "/assets/defaults.js"):
  actionpack (3.2.8) lib/action_dispatch/middleware/debug_exceptions.rb:21:in `call'
  actionpack (3.2.8) lib/action_dispatch/middleware/show_exceptions.rb:56:in `call'
  railties (3.2.8) lib/rails/rack/logger.rb:26:in `call_app'
  railties (3.2.8) lib/rails/rack/logger.rb:16:in `call'
  actionpack (3.2.8) lib/action_dispatch/middleware/request_id.rb:22:in `call'
  rack (1.4.5) lib/rack/methodoverride.rb:21:in `call'
  rack (1.4.5) lib/rack/runtime.rb:17:in `call'
  activesupport (3.2.8) lib/active_support/cache/strategy/local_cache.rb:72:in `call'
  rack (1.4.5) lib/rack/lock.rb:15:in `call'
  actionpack (3.2.8) lib/action_dispatch/middleware/static.rb:62:in `call'
  railties (3.2.8) lib/rails/engine.rb:479:in `call'
  railties (3.2.8) lib/rails/application.rb:223:in `call'
  rack (1.4.5) lib/rack/content_length.rb:14:in `call'
  railties (3.2.8) lib/rails/rack/log_tailer.rb:17:in `call'
  rack (1.4.5) lib/rack/handler/webrick.rb:59:in `service'
  /home/siltek/.rvm/rubies/ruby-1.9.3-p194/lib/ruby/1.9.1/webrick/httpserver.rb:138:in `service'
  /home/siltek/.rvm/rubies/ruby-1.9.3-p194/lib/ruby/1.9.1/webrick/httpserver.rb:94:in `run'
  /home/siltek/.rvm/rubies/ruby-1.9.3-p194/lib/ruby/1.9.1/webrick/server.rb:191:in `block in start_thread'


  Rendered /home/siltek/.rvm/gems/ruby-1.9.3-p194/gems/actionpack-3.2.8/lib/action_dispatch/middleware/templates/rescues/routing_error.erb within rescues/layout (0.5ms)


Started GET "/assets/style.css?body=1" for 127.0.0.1 at 2013-10-24 10:21:44 +0530
Served asset /style.css - 200 OK (1ms)


Started GET "/admin" for 127.0.0.1 at 2013-10-24 10:21:53 +0530
Processing by Admin::DashboardController#index as HTML
Completed 401 Unauthorized in 3ms


Started GET "/admin/login" for 127.0.0.1 at 2013-10-24 10:21:53 +0530
Processing by ActiveAdmin::Devise::SessionsController#new as HTML
  Rendered /home/siltek/.rvm/gems/ruby-1.9.3-p194/gems/activeadmin-0.6.2/app/views/active_admin/devise/shared/_links.erb (1.9ms)
  Rendered /home/siltek/.rvm/gems/ruby-1.9.3-p194/gems/activeadmin-0.6.2/app/views/active_admin/devise/sessions/new.html.erb within layouts/active_admin_logged_out (572.2ms)
Compiled active_admin.css  (1577ms)  (pid 12760)
Compiled active_admin/print.css  (54ms)  (pid 12760)
Compiled jquery.js  (1ms)  (pid 12760)
Compiled jquery-ui.js  (2ms)  (pid 12760)
Compiled jquery_ujs.js  (0ms)  (pid 12760)
Compiled active_admin/lib/namespace.js  (147ms)  (pid 12760)
Compiled active_admin/components/jquery.aa.checkbox-toggler.js  (39ms)  (pid 12760)
Compiled active_admin/components/jquery.aa.dropdown-menu.js  (33ms)  (pid 12760)
Compiled active_admin/components/jquery.aa.popover.js  (34ms)  (pid 12760)
Compiled active_admin/components/jquery.aa.table-checkbox-toggler.js  (9ms)  (pid 12760)
Compiled active_admin/pages/application.js  (12ms)  (pid 12760)
Compiled active_admin/pages/batch_actions.js  (8ms)  (pid 12760)
Compiled active_admin/application.js  (454ms)  (pid 12760)
Compiled active_admin/base.js  (605ms)  (pid 12760)
Compiled active_admin.js  (609ms)  (pid 12760)
Completed 200 OK in 3350ms (Views: 3331.2ms | ActiveRecord: 1.4ms)


Started GET "/assets/active_admin.css?body=1" for 127.0.0.1 at 2013-10-24 10:21:58 +0530
Served asset /active_admin.css - 200 OK (8ms)


Started GET "/assets/jquery-ui.js?body=1" for 127.0.0.1 at 2013-10-24 10:21:58 +0530
Served asset /jquery-ui.js - 200 OK (3ms)


Started GET "/assets/jquery.js?body=1" for 127.0.0.1 at 2013-10-24 10:21:58 +0530
Served asset /jquery.js - 200 OK (4ms)


Started GET "/assets/active_admin/print.css?body=1" for 127.0.0.1 at 2013-10-24 10:21:58 +0530
Served asset /active_admin/print.css - 200 OK (2ms)


Started GET "/assets/active_admin/lib/namespace.js?body=1" for 127.0.0.1 at 2013-10-24 10:21:58 +0530
Served asset /active_admin/lib/namespace.js - 200 OK (1ms)


Started GET "/assets/jquery_ujs.js?body=1" for 127.0.0.1 at 2013-10-24 10:21:58 +0530
Served asset /jquery_ujs.js - 200 OK (3ms)


Started GET "/assets/active_admin/components/jquery.aa.checkbox-toggler.js?body=1" for 127.0.0.1 at 2013-10-24 10:21:58 +0530
Served asset /active_admin/components/jquery.aa.checkbox-toggler.js - 200 OK (1ms)


Started GET "/assets/active_admin/components/jquery.aa.dropdown-menu.js?body=1" for 127.0.0.1 at 2013-10-24 10:21:58 +0530
Served asset /active_admin/components/jquery.aa.dropdown-menu.js - 200 OK (1ms)


Started GET "/assets/active_admin/components/jquery.aa.popover.js?body=1" for 127.0.0.1 at 2013-10-24 10:21:58 +0530
Served asset /active_admin/components/jquery.aa.popover.js - 200 OK (1ms)


Started GET "/assets/active_admin/components/jquery.aa.table-checkbox-toggler.js?body=1" for 127.0.0.1 at 2013-10-24 10:21:58 +0530
Served asset /active_admin/components/jquery.aa.table-checkbox-toggler.js - 200 OK (2ms)


Started GET "/assets/active_admin/pages/application.js?body=1" for 127.0.0.1 at 2013-10-24 10:21:58 +0530
Served asset /active_admin/pages/application.js - 200 OK (1ms)


Started GET "/assets/active_admin/pages/batch_actions.js?body=1" for 127.0.0.1 at 2013-10-24 10:21:58 +0530
Served asset /active_admin/pages/batch_actions.js - 200 OK (1ms)


Started GET "/assets/active_admin/application.js?body=1" for 127.0.0.1 at 2013-10-24 10:21:58 +0530
Served asset /active_admin/application.js - 200 OK (9ms)


Started GET "/assets/active_admin/base.js?body=1" for 127.0.0.1 at 2013-10-24 10:21:58 +0530
Served asset /active_admin/base.js - 200 OK (14ms)


Started GET "/assets/active_admin.js?body=1" for 127.0.0.1 at 2013-10-24 10:21:58 +0530
Served asset /active_admin.js - 200 OK (10ms)
